{"C:\\Users\\xxmax\\OneDrive\\Desktop\\FYNANPRO2.0\\frontend\\src\\components\\ErrorBoundary.tsx": {"path":"C:\\Users\\xxmax\\OneDrive\\Desktop\\FYNANPRO2.0\\frontend\\src\\components\\ErrorBoundary.tsx","statementMap":{"0":{"start":{"line":31,"column":13},"end":{"line":31,"column":26}},"1":{"start":{"line":173,"column":16},"end":{"line":173,"column":33}},"2":{"start":{"line":17,"column":37},"end":{"line":17,"column":null}},"3":{"start":{"line":18,"column":47},"end":{"line":18,"column":null}},"4":{"start":{"line":33,"column":4},"end":{"line":33,"column":null}},"5":{"start":{"line":61,"column":2},"end":{"line":67,"column":null}},"6":{"start":{"line":62,"column":4},"end":{"line":66,"column":null}},"7":{"start":{"line":69,"column":2},"end":{"line":71,"column":null}},"8":{"start":{"line":70,"column":4},"end":{"line":70,"column":null}},"9":{"start":{"line":34,"column":4},"end":{"line":38,"column":null}},"10":{"start":{"line":42,"column":4},"end":{"line":45,"column":null}},"11":{"start":{"line":49,"column":4},"end":{"line":49,"column":null}},"12":{"start":{"line":51,"column":4},"end":{"line":54,"column":null}},"13":{"start":{"line":74,"column":4},"end":{"line":153,"column":null}},"14":{"start":{"line":76,"column":6},"end":{"line":78,"column":null}},"15":{"start":{"line":77,"column":8},"end":{"line":77,"column":null}},"16":{"start":{"line":155,"column":4},"end":{"line":155,"column":null}},"17":{"start":{"line":176,"column":2},"end":{"line":182,"column":null}}},"fnMap":{"0":{"name":"(anonymous_3)","decl":{"start":{"line":32,"column":2},"end":{"line":32,"column":14}},"loc":{"start":{"line":32,"column":28},"end":{"line":39,"column":null}}},"1":{"name":"(anonymous_4)","decl":{"start":{"line":61,"column":16},"end":{"line":61,"column":null}},"loc":{"start":{"line":61,"column":16},"end":{"line":67,"column":null}}},"2":{"name":"(anonymous_5)","decl":{"start":{"line":69,"column":17},"end":{"line":69,"column":null}},"loc":{"start":{"line":69,"column":17},"end":{"line":71,"column":null}}},"3":{"name":"(anonymous_6)","decl":{"start":{"line":41,"column":2},"end":{"line":41,"column":9}},"loc":{"start":{"line":41,"column":64},"end":{"line":46,"column":null}}},"4":{"name":"(anonymous_7)","decl":{"start":{"line":48,"column":2},"end":{"line":48,"column":20}},"loc":{"start":{"line":48,"column":50},"end":{"line":59,"column":null}}},"5":{"name":"(anonymous_8)","decl":{"start":{"line":73,"column":2},"end":{"line":73,"column":11}},"loc":{"start":{"line":73,"column":11},"end":{"line":156,"column":null}}},"6":{"name":"withErrorBoundary","decl":{"start":{"line":173,"column":16},"end":{"line":173,"column":33}},"loc":{"start":{"line":174,"column":35},"end":{"line":183,"column":null}}},"7":{"name":"WithErrorBoundaryWrapper","decl":{"start":{"line":176,"column":18},"end":{"line":176,"column":43}},"loc":{"start":{"line":176,"column":51},"end":{"line":182,"column":null}}}},"branchMap":{"0":{"loc":{"start":{"line":74,"column":4},"end":{"line":153,"column":null}},"type":"if","locations":[{"start":{"line":74,"column":4},"end":{"line":153,"column":null}},{"start":{},"end":{}}]},"1":{"loc":{"start":{"line":76,"column":6},"end":{"line":78,"column":null}},"type":"if","locations":[{"start":{"line":76,"column":6},"end":{"line":78,"column":null}},{"start":{},"end":{}}]},"2":{"loc":{"start":{"line":104,"column":17},"end":{"line":104,"column":null}},"type":"binary-expr","locations":[{"start":{"line":104,"column":17},"end":{"line":104,"column":46}},{"start":{"line":104,"column":46},"end":{"line":104,"column":null}}]},"3":{"loc":{"start":{"line":109,"column":13},"end":{"line":109,"column":55}},"type":"binary-expr","locations":[{"start":{"line":109,"column":13},"end":{"line":109,"column":55}},{"start":{"line":109,"column":55},"end":{"line":109,"column":75}}]}},"s":{"0":5,"1":0,"2":1,"3":1,"4":10,"5":9,"6":0,"7":9,"8":0,"9":9,"10":8,"11":4,"12":4,"13":21,"14":12,"15":0,"16":9,"17":0},"f":{"0":10,"1":0,"2":0,"3":8,"4":4,"5":21,"6":0,"7":0},"b":{"0":[12,9],"1":[0,12],"2":[12,0],"3":[12,3]}}
,"C:\\Users\\xxmax\\OneDrive\\Desktop\\FYNANPRO2.0\\frontend\\src\\components\\Skeletons.tsx": {"path":"C:\\Users\\xxmax\\OneDrive\\Desktop\\FYNANPRO2.0\\frontend\\src\\components\\Skeletons.tsx","statementMap":{"0":{"start":{"line":204,"column":16},"end":{"line":204,"column":30}},"1":{"start":{"line":44,"column":16},"end":{"line":44,"column":29}},"2":{"start":{"line":14,"column":16},"end":{"line":14,"column":37}},"3":{"start":{"line":30,"column":16},"end":{"line":30,"column":40}},"4":{"start":{"line":167,"column":16},"end":{"line":167,"column":37}},"5":{"start":{"line":147,"column":16},"end":{"line":147,"column":28}},"6":{"start":{"line":197,"column":16},"end":{"line":197,"column":34}},"7":{"start":{"line":97,"column":16},"end":{"line":97,"column":28}},"8":{"start":{"line":122,"column":16},"end":{"line":122,"column":35}},"9":{"start":{"line":56,"column":16},"end":{"line":56,"column":40}},"10":{"start":{"line":8,"column":21},"end":{"line":8,"column":null}},"11":{"start":{"line":9,"column":7},"end":{"line":9,"column":null}},"12":{"start":{"line":73,"column":8},"end":{"line":74,"column":null}},"13":{"start":{"line":101,"column":8},"end":{"line":102,"column":null}},"14":{"start":{"line":128,"column":10},"end":{"line":128,"column":23}},"15":{"start":{"line":151,"column":8},"end":{"line":151,"column":null}}},"fnMap":{"0":{"name":"DashboardCardSkeleton","decl":{"start":{"line":14,"column":16},"end":{"line":14,"column":37}},"loc":{"start":{"line":14,"column":16},"end":{"line":25,"column":null}}},"1":{"name":"DashboardMetricsSkeleton","decl":{"start":{"line":30,"column":16},"end":{"line":30,"column":40}},"loc":{"start":{"line":30,"column":16},"end":{"line":39,"column":null}}},"2":{"name":"ChartSkeleton","decl":{"start":{"line":44,"column":16},"end":{"line":44,"column":29}},"loc":{"start":{"line":44,"column":67},"end":{"line":51,"column":null}}},"3":{"name":"TransactionTableSkeleton","decl":{"start":{"line":56,"column":16},"end":{"line":56,"column":40}},"loc":{"start":{"line":56,"column":72},"end":{"line":92,"column":null}}},"4":{"name":"(anonymous_16)","decl":{"start":{"line":72,"column":40},"end":{"line":72,"column":41}},"loc":{"start":{"line":73,"column":8},"end":{"line":74,"column":null}}},"5":{"name":"ListSkeleton","decl":{"start":{"line":97,"column":16},"end":{"line":97,"column":28}},"loc":{"start":{"line":97,"column":62},"end":{"line":117,"column":null}}},"6":{"name":"(anonymous_18)","decl":{"start":{"line":100,"column":41},"end":{"line":100,"column":42}},"loc":{"start":{"line":101,"column":8},"end":{"line":102,"column":null}}},"7":{"name":"RankingCardSkeleton","decl":{"start":{"line":122,"column":16},"end":{"line":122,"column":35}},"loc":{"start":{"line":122,"column":69},"end":{"line":142,"column":null}}},"8":{"name":"(anonymous_20)","decl":{"start":{"line":127,"column":43},"end":{"line":127,"column":44}},"loc":{"start":{"line":128,"column":10},"end":{"line":128,"column":23}}},"9":{"name":"FormSkeleton","decl":{"start":{"line":147,"column":16},"end":{"line":147,"column":28}},"loc":{"start":{"line":147,"column":64},"end":{"line":162,"column":null}}},"10":{"name":"(anonymous_22)","decl":{"start":{"line":150,"column":42},"end":{"line":150,"column":43}},"loc":{"start":{"line":151,"column":8},"end":{"line":151,"column":null}}},"11":{"name":"DashboardPageSkeleton","decl":{"start":{"line":167,"column":16},"end":{"line":167,"column":37}},"loc":{"start":{"line":167,"column":16},"end":{"line":192,"column":null}}},"12":{"name":"InlineTextSkeleton","decl":{"start":{"line":197,"column":16},"end":{"line":197,"column":34}},"loc":{"start":{"line":197,"column":70},"end":{"line":199,"column":null}}},"13":{"name":"ButtonSkeleton","decl":{"start":{"line":204,"column":16},"end":{"line":204,"column":30}},"loc":{"start":{"line":204,"column":96},"end":{"line":206,"column":null}}}},"branchMap":{"0":{"loc":{"start":{"line":44,"column":32},"end":{"line":44,"column":44}},"type":"default-arg","locations":[{"start":{"line":44,"column":41},"end":{"line":44,"column":44}}]},"1":{"loc":{"start":{"line":56,"column":43},"end":{"line":56,"column":51}},"type":"default-arg","locations":[{"start":{"line":56,"column":50},"end":{"line":56,"column":51}}]},"2":{"loc":{"start":{"line":97,"column":31},"end":{"line":97,"column":40}},"type":"default-arg","locations":[{"start":{"line":97,"column":39},"end":{"line":97,"column":40}}]},"3":{"loc":{"start":{"line":122,"column":38},"end":{"line":122,"column":47}},"type":"default-arg","locations":[{"start":{"line":122,"column":46},"end":{"line":122,"column":47}}]},"4":{"loc":{"start":{"line":147,"column":31},"end":{"line":147,"column":41}},"type":"default-arg","locations":[{"start":{"line":147,"column":40},"end":{"line":147,"column":41}}]},"5":{"loc":{"start":{"line":197,"column":37},"end":{"line":197,"column":48}},"type":"default-arg","locations":[{"start":{"line":197,"column":45},"end":{"line":197,"column":48}}]},"6":{"loc":{"start":{"line":204,"column":33},"end":{"line":204,"column":44}},"type":"default-arg","locations":[{"start":{"line":204,"column":41},"end":{"line":204,"column":44}}]},"7":{"loc":{"start":{"line":204,"column":46},"end":{"line":204,"column":57}},"type":"default-arg","locations":[{"start":{"line":204,"column":55},"end":{"line":204,"column":57}}]}},"s":{"0":0,"1":2,"2":1,"3":1,"4":2,"5":3,"6":0,"7":2,"8":3,"9":2,"10":1,"11":1,"12":15,"13":10,"14":40,"15":15},"f":{"0":13,"1":3,"2":6,"3":2,"4":15,"5":2,"6":10,"7":7,"8":40,"9":3,"10":15,"11":2,"12":0,"13":0},"b":{"0":[5],"1":[1],"2":[1],"3":[6],"4":[2],"5":[0],"6":[0],"7":[0]}}
,"C:\\Users\\xxmax\\OneDrive\\Desktop\\FYNANPRO2.0\\frontend\\src\\lib\\api.ts": {"path":"C:\\Users\\xxmax\\OneDrive\\Desktop\\FYNANPRO2.0\\frontend\\src\\lib\\api.ts","statementMap":{"0":{"start":{"line":175,"column":0},"end":{"line":175,"column":15}},"1":{"start":{"line":161,"column":16},"end":{"line":161,"column":22}},"2":{"start":{"line":12,"column":77},"end":{"line":12,"column":null}},"3":{"start":{"line":15,"column":17},"end":{"line":15,"column":null}},"4":{"start":{"line":16,"column":16},"end":{"line":16,"column":23}},"5":{"start":{"line":21,"column":27},"end":{"line":27,"column":null}},"6":{"start":{"line":32,"column":19},"end":{"line":32,"column":null}},"7":{"start":{"line":33,"column":54},"end":{"line":33,"column":56}},"8":{"start":{"line":39,"column":2},"end":{"line":39,"column":null}},"9":{"start":{"line":46,"column":2},"end":{"line":46,"column":null}},"10":{"start":{"line":46,"column":43},"end":{"line":46,"column":null}},"11":{"start":{"line":47,"column":2},"end":{"line":47,"column":null}},"12":{"start":{"line":54,"column":0},"end":{"line":66,"column":null}},"13":{"start":{"line":56,"column":18},"end":{"line":56,"column":null}},"14":{"start":{"line":58,"column":4},"end":{"line":60,"column":null}},"15":{"start":{"line":59,"column":6},"end":{"line":59,"column":null}},"16":{"start":{"line":62,"column":4},"end":{"line":62,"column":null}},"17":{"start":{"line":65,"column":4},"end":{"line":65,"column":null}},"18":{"start":{"line":73,"column":0},"end":{"line":155,"column":null}},"19":{"start":{"line":74,"column":16},"end":{"line":74,"column":null}},"20":{"start":{"line":76,"column":28},"end":{"line":76,"column":40}},"21":{"start":{"line":79,"column":4},"end":{"line":81,"column":null}},"22":{"start":{"line":80,"column":6},"end":{"line":80,"column":null}},"23":{"start":{"line":84,"column":4},"end":{"line":90,"column":null}},"24":{"start":{"line":86,"column":6},"end":{"line":86,"column":null}},"25":{"start":{"line":87,"column":6},"end":{"line":87,"column":null}},"26":{"start":{"line":88,"column":6},"end":{"line":88,"column":null}},"27":{"start":{"line":89,"column":6},"end":{"line":89,"column":null}},"28":{"start":{"line":92,"column":4},"end":{"line":92,"column":null}},"29":{"start":{"line":95,"column":4},"end":{"line":104,"column":null}},"30":{"start":{"line":96,"column":6},"end":{"line":103,"column":null}},"31":{"start":{"line":97,"column":8},"end":{"line":102,"column":null}},"32":{"start":{"line":98,"column":10},"end":{"line":100,"column":null}},"33":{"start":{"line":99,"column":12},"end":{"line":99,"column":null}},"34":{"start":{"line":101,"column":10},"end":{"line":101,"column":null}},"35":{"start":{"line":107,"column":4},"end":{"line":107,"column":null}},"36":{"start":{"line":109,"column":25},"end":{"line":109,"column":null}},"37":{"start":{"line":111,"column":4},"end":{"line":118,"column":null}},"38":{"start":{"line":113,"column":6},"end":{"line":113,"column":null}},"39":{"start":{"line":114,"column":6},"end":{"line":114,"column":null}},"40":{"start":{"line":115,"column":6},"end":{"line":115,"column":null}},"41":{"start":{"line":116,"column":6},"end":{"line":116,"column":null}},"42":{"start":{"line":117,"column":6},"end":{"line":117,"column":null}},"43":{"start":{"line":120,"column":4},"end":{"line":154,"column":null}},"44":{"start":{"line":122,"column":23},"end":{"line":124,"column":null}},"45":{"start":{"line":126,"column":61},"end":{"line":126,"column":79}},"46":{"start":{"line":129,"column":6},"end":{"line":129,"column":null}},"47":{"start":{"line":130,"column":6},"end":{"line":130,"column":null}},"48":{"start":{"line":132,"column":6},"end":{"line":132,"column":null}},"49":{"start":{"line":135,"column":6},"end":{"line":137,"column":null}},"50":{"start":{"line":136,"column":8},"end":{"line":136,"column":null}},"51":{"start":{"line":140,"column":6},"end":{"line":140,"column":null}},"52":{"start":{"line":143,"column":6},"end":{"line":143,"column":null}},"53":{"start":{"line":146,"column":6},"end":{"line":146,"column":null}},"54":{"start":{"line":149,"column":6},"end":{"line":149,"column":null}},"55":{"start":{"line":150,"column":6},"end":{"line":150,"column":null}},"56":{"start":{"line":151,"column":6},"end":{"line":151,"column":null}},"57":{"start":{"line":152,"column":6},"end":{"line":152,"column":null}},"58":{"start":{"line":153,"column":6},"end":{"line":153,"column":null}},"59":{"start":{"line":162,"column":23},"end":{"line":162,"column":null}},"60":{"start":{"line":165,"column":2},"end":{"line":169,"column":null}},"61":{"start":{"line":166,"column":4},"end":{"line":168,"column":null}},"62":{"start":{"line":171,"column":2},"end":{"line":171,"column":null}},"63":{"start":{"line":172,"column":2},"end":{"line":172,"column":null}},"64":{"start":{"line":175,"column":15},"end":{"line":175,"column":19}}},"fnMap":{"0":{"name":"subscribeTokenRefresh","decl":{"start":{"line":38,"column":9},"end":{"line":38,"column":31}},"loc":{"start":{"line":38,"column":64},"end":{"line":40,"column":null}}},"1":{"name":"onTokenRefreshed","decl":{"start":{"line":45,"column":9},"end":{"line":45,"column":26}},"loc":{"start":{"line":45,"column":39},"end":{"line":48,"column":null}}},"2":{"name":"(anonymous_6)","decl":{"start":{"line":46,"column":29},"end":{"line":46,"column":30}},"loc":{"start":{"line":46,"column":43},"end":{"line":46,"column":null}}},"3":{"name":"(anonymous_7)","decl":{"start":{"line":55,"column":2},"end":{"line":55,"column":3}},"loc":{"start":{"line":55,"column":3},"end":{"line":63,"column":null}}},"4":{"name":"(anonymous_8)","decl":{"start":{"line":64,"column":2},"end":{"line":64,"column":3}},"loc":{"start":{"line":64,"column":3},"end":{"line":66,"column":null}}},"5":{"name":"(anonymous_9)","decl":{"start":{"line":74,"column":2},"end":{"line":74,"column":3}},"loc":{"start":{"line":74,"column":16},"end":{"line":74,"column":null}}},"6":{"name":"(anonymous_10)","decl":{"start":{"line":75,"column":2},"end":{"line":75,"column":9}},"loc":{"start":{"line":75,"column":9},"end":{"line":155,"column":null}}},"7":{"name":"(anonymous_11)","decl":{"start":{"line":96,"column":25},"end":{"line":96,"column":26}},"loc":{"start":{"line":96,"column":26},"end":{"line":103,"column":null}}},"8":{"name":"(anonymous_12)","decl":{"start":{"line":97,"column":30},"end":{"line":97,"column":31}},"loc":{"start":{"line":97,"column":31},"end":{"line":102,"column":null}}},"9":{"name":"logout","decl":{"start":{"line":161,"column":16},"end":{"line":161,"column":22}},"loc":{"start":{"line":161,"column":16},"end":{"line":173,"column":null}}},"10":{"name":"(anonymous_14)","decl":{"start":{"line":166,"column":53},"end":{"line":166,"column":null}},"loc":{"start":{"line":166,"column":53},"end":{"line":168,"column":null}}}},"branchMap":{"0":{"loc":{"start":{"line":15,"column":17},"end":{"line":15,"column":null}},"type":"binary-expr","locations":[{"start":{"line":15,"column":17},"end":{"line":15,"column":48}},{"start":{"line":15,"column":52},"end":{"line":15,"column":null}}]},"1":{"loc":{"start":{"line":58,"column":4},"end":{"line":60,"column":null}},"type":"if","locations":[{"start":{"line":58,"column":4},"end":{"line":60,"column":null}},{"start":{},"end":{}}]},"2":{"loc":{"start":{"line":58,"column":8},"end":{"line":58,"column":31}},"type":"binary-expr","locations":[{"start":{"line":58,"column":8},"end":{"line":58,"column":17}},{"start":{"line":58,"column":17},"end":{"line":58,"column":31}}]},"3":{"loc":{"start":{"line":79,"column":4},"end":{"line":81,"column":null}},"type":"if","locations":[{"start":{"line":79,"column":4},"end":{"line":81,"column":null}},{"start":{},"end":{}}]},"4":{"loc":{"start":{"line":79,"column":8},"end":{"line":79,"column":78}},"type":"binary-expr","locations":[{"start":{"line":79,"column":8},"end":{"line":79,"column":23}},{"start":{"line":79,"column":27},"end":{"line":79,"column":60}},{"start":{"line":79,"column":60},"end":{"line":79,"column":78}}]},"5":{"loc":{"start":{"line":84,"column":4},"end":{"line":90,"column":null}},"type":"if","locations":[{"start":{"line":84,"column":4},"end":{"line":90,"column":null}},{"start":{},"end":{}}]},"6":{"loc":{"start":{"line":95,"column":4},"end":{"line":104,"column":null}},"type":"if","locations":[{"start":{"line":95,"column":4},"end":{"line":104,"column":null}},{"start":{},"end":{}}]},"7":{"loc":{"start":{"line":98,"column":10},"end":{"line":100,"column":null}},"type":"if","locations":[{"start":{"line":98,"column":10},"end":{"line":100,"column":null}},{"start":{},"end":{}}]},"8":{"loc":{"start":{"line":111,"column":4},"end":{"line":118,"column":null}},"type":"if","locations":[{"start":{"line":111,"column":4},"end":{"line":118,"column":null}},{"start":{},"end":{}}]},"9":{"loc":{"start":{"line":135,"column":6},"end":{"line":137,"column":null}},"type":"if","locations":[{"start":{"line":135,"column":6},"end":{"line":137,"column":null}},{"start":{},"end":{}}]},"10":{"loc":{"start":{"line":165,"column":2},"end":{"line":169,"column":null}},"type":"if","locations":[{"start":{"line":165,"column":2},"end":{"line":169,"column":null}},{"start":{},"end":{}}]}},"s":{"0":0,"1":0,"2":0,"3":0,"4":0,"5":0,"6":0,"7":0,"8":0,"9":0,"10":0,"11":0,"12":0,"13":0,"14":0,"15":0,"16":0,"17":0,"18":0,"19":0,"20":0,"21":0,"22":0,"23":0,"24":0,"25":0,"26":0,"27":0,"28":0,"29":0,"30":0,"31":0,"32":0,"33":0,"34":0,"35":0,"36":0,"37":0,"38":0,"39":0,"40":0,"41":0,"42":0,"43":0,"44":0,"45":0,"46":0,"47":0,"48":0,"49":0,"50":0,"51":0,"52":0,"53":0,"54":0,"55":0,"56":0,"57":0,"58":0,"59":0,"60":0,"61":0,"62":0,"63":0,"64":0},"f":{"0":0,"1":0,"2":0,"3":0,"4":0,"5":0,"6":0,"7":0,"8":0,"9":0,"10":0},"b":{"0":[0,0],"1":[0,0],"2":[0,0],"3":[0,0],"4":[0,0,0],"5":[0,0],"6":[0,0],"7":[0,0],"8":[0,0],"9":[0,0],"10":[0,0]}}
,"C:\\Users\\xxmax\\OneDrive\\Desktop\\FYNANPRO2.0\\frontend\\src\\schemas\\validations.ts": {"path":"C:\\Users\\xxmax\\OneDrive\\Desktop\\FYNANPRO2.0\\frontend\\src\\schemas\\validations.ts","statementMap":{"0":{"start":{"line":72,"column":13},"end":{"line":72,"column":30}},"1":{"start":{"line":161,"column":13},"end":{"line":161,"column":25}},"2":{"start":{"line":52,"column":13},"end":{"line":52,"column":27}},"3":{"start":{"line":121,"column":13},"end":{"line":121,"column":24}},"4":{"start":{"line":91,"column":13},"end":{"line":91,"column":32}},"5":{"start":{"line":181,"column":13},"end":{"line":181,"column":32}},"6":{"start":{"line":135,"column":13},"end":{"line":135,"column":27}},"7":{"start":{"line":13,"column":13},"end":{"line":13,"column":30}},"8":{"start":{"line":8,"column":18},"end":{"line":8,"column":null}},"9":{"start":{"line":13,"column":33},"end":{"line":45,"column":null}},"10":{"start":{"line":52,"column":30},"end":{"line":65,"column":null}},"11":{"start":{"line":72,"column":33},"end":{"line":84,"column":null}},"12":{"start":{"line":91,"column":35},"end":{"line":114,"column":null}},"13":{"start":{"line":121,"column":27},"end":{"line":128,"column":null}},"14":{"start":{"line":135,"column":30},"end":{"line":154,"column":null}},"15":{"start":{"line":161,"column":28},"end":{"line":174,"column":null}},"16":{"start":{"line":181,"column":35},"end":{"line":216,"column":null}}},"fnMap":{},"branchMap":{},"s":{"0":2,"1":0,"2":2,"3":3,"4":2,"5":0,"6":2,"7":4,"8":1,"9":1,"10":1,"11":1,"12":1,"13":1,"14":1,"15":1,"16":1},"f":{},"b":{}}
,"C:\\Users\\xxmax\\OneDrive\\Desktop\\FYNANPRO2.0\\frontend\\src\\stores\\auth.ts": {"path":"C:\\Users\\xxmax\\OneDrive\\Desktop\\FYNANPRO2.0\\frontend\\src\\stores\\auth.ts","statementMap":{"0":{"start":{"line":78,"column":13},"end":{"line":78,"column":20}},"1":{"start":{"line":196,"column":13},"end":{"line":196,"column":31}},"2":{"start":{"line":191,"column":13},"end":{"line":191,"column":22}},"3":{"start":{"line":186,"column":13},"end":{"line":186,"column":20}},"4":{"start":{"line":11,"column":23},"end":{"line":11,"column":null}},"5":{"start":{"line":12,"column":43},"end":{"line":12,"column":null}},"6":{"start":{"line":78,"column":23},"end":{"line":179,"column":null}},"7":{"start":{"line":80,"column":19},"end":{"line":168,"column":null}},"8":{"start":{"line":93,"column":8},"end":{"line":93,"column":null}},"9":{"start":{"line":94,"column":8},"end":{"line":94,"column":null}},"10":{"start":{"line":95,"column":8},"end":{"line":95,"column":null}},"11":{"start":{"line":96,"column":8},"end":{"line":96,"column":null}},"12":{"start":{"line":98,"column":8},"end":{"line":104,"column":null}},"13":{"start":{"line":111,"column":8},"end":{"line":111,"column":null}},"14":{"start":{"line":112,"column":8},"end":{"line":112,"column":null}},"15":{"start":{"line":114,"column":8},"end":{"line":117,"column":null}},"16":{"start":{"line":125,"column":8},"end":{"line":125,"column":null}},"17":{"start":{"line":126,"column":8},"end":{"line":126,"column":null}},"18":{"start":{"line":127,"column":8},"end":{"line":127,"column":null}},"19":{"start":{"line":128,"column":8},"end":{"line":128,"column":null}},"20":{"start":{"line":131,"column":8},"end":{"line":137,"column":null}},"21":{"start":{"line":145,"column":8},"end":{"line":166,"column":null}},"22":{"start":{"line":146,"column":30},"end":{"line":146,"column":null}},"23":{"start":{"line":147,"column":31},"end":{"line":147,"column":null}},"24":{"start":{"line":148,"column":26},"end":{"line":148,"column":null}},"25":{"start":{"line":149,"column":28},"end":{"line":149,"column":null}},"26":{"start":{"line":151,"column":10},"end":{"line":162,"column":null}},"27":{"start":{"line":152,"column":25},"end":{"line":152,"column":null}},"28":{"start":{"line":153,"column":27},"end":{"line":153,"column":null}},"29":{"start":{"line":155,"column":12},"end":{"line":161,"column":null}},"30":{"start":{"line":164,"column":10},"end":{"line":164,"column":null}},"31":{"start":{"line":165,"column":10},"end":{"line":165,"column":null}},"32":{"start":{"line":171,"column":39},"end":{"line":171,"column":null}},"33":{"start":{"line":174,"column":30},"end":{"line":178,"column":null}},"34":{"start":{"line":186,"column":23},"end":{"line":186,"column":null}},"35":{"start":{"line":186,"column":29},"end":{"line":186,"column":null}},"36":{"start":{"line":186,"column":48},"end":{"line":186,"column":58}},"37":{"start":{"line":191,"column":25},"end":{"line":191,"column":null}},"38":{"start":{"line":191,"column":31},"end":{"line":191,"column":null}},"39":{"start":{"line":191,"column":50},"end":{"line":191,"column":62}},"40":{"start":{"line":196,"column":34},"end":{"line":196,"column":null}},"41":{"start":{"line":196,"column":40},"end":{"line":196,"column":null}},"42":{"start":{"line":196,"column":59},"end":{"line":196,"column":80}}},"fnMap":{"0":{"name":"(anonymous_5)","decl":{"start":{"line":80,"column":4},"end":{"line":80,"column":5}},"loc":{"start":{"line":80,"column":19},"end":{"line":168,"column":null}}},"1":{"name":"(anonymous_6)","decl":{"start":{"line":91,"column":15},"end":{"line":91,"column":16}},"loc":{"start":{"line":91,"column":30},"end":{"line":105,"column":null}}},"2":{"name":"(anonymous_7)","decl":{"start":{"line":110,"column":20},"end":{"line":110,"column":21}},"loc":{"start":{"line":110,"column":34},"end":{"line":118,"column":null}}},"3":{"name":"(anonymous_8)","decl":{"start":{"line":123,"column":14},"end":{"line":123,"column":null}},"loc":{"start":{"line":123,"column":14},"end":{"line":138,"column":null}}},"4":{"name":"(anonymous_9)","decl":{"start":{"line":144,"column":15},"end":{"line":144,"column":null}},"loc":{"start":{"line":144,"column":15},"end":{"line":167,"column":null}}},"5":{"name":"(anonymous_10)","decl":{"start":{"line":171,"column":33},"end":{"line":171,"column":39}},"loc":{"start":{"line":171,"column":39},"end":{"line":171,"column":null}}},"6":{"name":"(anonymous_11)","decl":{"start":{"line":174,"column":18},"end":{"line":174,"column":19}},"loc":{"start":{"line":174,"column":30},"end":{"line":178,"column":null}}},"7":{"name":"(anonymous_12)","decl":{"start":{"line":186,"column":23},"end":{"line":186,"column":29}},"loc":{"start":{"line":186,"column":29},"end":{"line":186,"column":null}}},"8":{"name":"(anonymous_13)","decl":{"start":{"line":186,"column":37},"end":{"line":186,"column":38}},"loc":{"start":{"line":186,"column":48},"end":{"line":186,"column":58}}},"9":{"name":"(anonymous_14)","decl":{"start":{"line":191,"column":25},"end":{"line":191,"column":31}},"loc":{"start":{"line":191,"column":31},"end":{"line":191,"column":null}}},"10":{"name":"(anonymous_15)","decl":{"start":{"line":191,"column":39},"end":{"line":191,"column":40}},"loc":{"start":{"line":191,"column":50},"end":{"line":191,"column":62}}},"11":{"name":"(anonymous_16)","decl":{"start":{"line":196,"column":34},"end":{"line":196,"column":40}},"loc":{"start":{"line":196,"column":40},"end":{"line":196,"column":null}}},"12":{"name":"(anonymous_17)","decl":{"start":{"line":196,"column":48},"end":{"line":196,"column":49}},"loc":{"start":{"line":196,"column":59},"end":{"line":196,"column":80}}}},"branchMap":{"0":{"loc":{"start":{"line":151,"column":10},"end":{"line":162,"column":null}},"type":"if","locations":[{"start":{"line":151,"column":10},"end":{"line":162,"column":null}},{"start":{},"end":{}}]},"1":{"loc":{"start":{"line":151,"column":14},"end":{"line":151,"column":67}},"type":"binary-expr","locations":[{"start":{"line":151,"column":14},"end":{"line":151,"column":29}},{"start":{"line":151,"column":29},"end":{"line":151,"column":45}},{"start":{"line":151,"column":45},"end":{"line":151,"column":56}},{"start":{"line":151,"column":56},"end":{"line":151,"column":67}}]}},"s":{"0":16,"1":0,"2":0,"3":0,"4":1,"5":1,"6":1,"7":1,"8":4,"9":4,"10":4,"11":4,"12":4,"13":1,"14":1,"15":1,"16":6,"17":6,"18":6,"19":6,"20":6,"21":0,"22":0,"23":0,"24":0,"25":0,"26":0,"27":0,"28":0,"29":0,"30":0,"31":0,"32":1,"33":11,"34":1,"35":0,"36":0,"37":1,"38":0,"39":0,"40":1,"41":0,"42":0},"f":{"0":1,"1":4,"2":1,"3":6,"4":0,"5":1,"6":11,"7":0,"8":0,"9":0,"10":0,"11":0,"12":0},"b":{"0":[0,0],"1":[0,0,0,0]}}
}
