TN:
SF:src\components\ErrorBoundary.tsx
FN:32,(anonymous_3)
FN:61,(anonymous_4)
FN:69,(anonymous_5)
FN:41,(anonymous_6)
FN:48,(anonymous_7)
FN:73,(anonymous_8)
FN:173,withErrorBoundary
FN:176,WithErrorBoundaryWrapper
FNF:8
FNH:4
FNDA:10,(anonymous_3)
FNDA:0,(anonymous_4)
FNDA:0,(anonymous_5)
FNDA:8,(anonymous_6)
FNDA:4,(anonymous_7)
FNDA:21,(anonymous_8)
FNDA:0,withErrorBoundary
FNDA:0,WithErrorBoundaryWrapper
DA:17,1
DA:18,1
DA:31,5
DA:33,10
DA:34,9
DA:42,8
DA:49,4
DA:51,4
DA:61,9
DA:62,0
DA:69,9
DA:70,0
DA:74,21
DA:76,12
DA:77,0
DA:155,9
DA:173,0
DA:176,0
LF:18
LH:13
BRDA:74,0,0,12
BRDA:74,0,1,9
BRDA:76,1,0,0
BRDA:76,1,1,12
BRDA:104,2,0,12
BRDA:104,2,1,0
BRDA:109,3,0,12
BRDA:109,3,1,3
BRF:8
BRH:6
end_of_record
TN:
SF:src\components\Skeletons.tsx
FN:14,DashboardCardSkeleton
FN:30,DashboardMetricsSkeleton
FN:44,ChartSkeleton
FN:56,TransactionTableSkeleton
FN:72,(anonymous_16)
FN:97,ListSkeleton
FN:100,(anonymous_18)
FN:122,RankingCardSkeleton
FN:127,(anonymous_20)
FN:147,FormSkeleton
FN:150,(anonymous_22)
FN:167,DashboardPageSkeleton
FN:197,InlineTextSkeleton
FN:204,ButtonSkeleton
FNF:14
FNH:12
FNDA:13,DashboardCardSkeleton
FNDA:3,DashboardMetricsSkeleton
FNDA:6,ChartSkeleton
FNDA:2,TransactionTableSkeleton
FNDA:15,(anonymous_16)
FNDA:2,ListSkeleton
FNDA:10,(anonymous_18)
FNDA:7,RankingCardSkeleton
FNDA:40,(anonymous_20)
FNDA:3,FormSkeleton
FNDA:15,(anonymous_22)
FNDA:2,DashboardPageSkeleton
FNDA:0,InlineTextSkeleton
FNDA:0,ButtonSkeleton
DA:8,1
DA:9,1
DA:14,1
DA:30,1
DA:44,2
DA:56,2
DA:73,15
DA:97,2
DA:101,10
DA:122,3
DA:128,40
DA:147,3
DA:151,15
DA:167,2
DA:197,0
DA:204,0
LF:16
LH:14
BRDA:44,0,0,5
BRDA:56,1,0,1
BRDA:97,2,0,1
BRDA:122,3,0,6
BRDA:147,4,0,2
BRDA:197,5,0,0
BRDA:204,6,0,0
BRDA:204,7,0,0
BRF:8
BRH:5
end_of_record
TN:
SF:src\lib\api.ts
FN:38,subscribeTokenRefresh
FN:45,onTokenRefreshed
FN:46,(anonymous_6)
FN:55,(anonymous_7)
FN:64,(anonymous_8)
FN:74,(anonymous_9)
FN:75,(anonymous_10)
FN:96,(anonymous_11)
FN:97,(anonymous_12)
FN:161,logout
FN:166,(anonymous_14)
FNF:11
FNH:0
FNDA:0,subscribeTokenRefresh
FNDA:0,onTokenRefreshed
FNDA:0,(anonymous_6)
FNDA:0,(anonymous_7)
FNDA:0,(anonymous_8)
FNDA:0,(anonymous_9)
FNDA:0,(anonymous_10)
FNDA:0,(anonymous_11)
FNDA:0,(anonymous_12)
FNDA:0,logout
FNDA:0,(anonymous_14)
DA:12,0
DA:15,0
DA:16,0
DA:21,0
DA:32,0
DA:33,0
DA:39,0
DA:46,0
DA:47,0
DA:54,0
DA:56,0
DA:58,0
DA:59,0
DA:62,0
DA:65,0
DA:73,0
DA:74,0
DA:76,0
DA:79,0
DA:80,0
DA:84,0
DA:86,0
DA:87,0
DA:88,0
DA:89,0
DA:92,0
DA:95,0
DA:96,0
DA:97,0
DA:98,0
DA:99,0
DA:101,0
DA:107,0
DA:109,0
DA:111,0
DA:113,0
DA:114,0
DA:115,0
DA:116,0
DA:117,0
DA:120,0
DA:122,0
DA:126,0
DA:129,0
DA:130,0
DA:132,0
DA:135,0
DA:136,0
DA:140,0
DA:143,0
DA:146,0
DA:149,0
DA:150,0
DA:151,0
DA:152,0
DA:153,0
DA:161,0
DA:162,0
DA:165,0
DA:166,0
DA:171,0
DA:172,0
DA:175,0
LF:63
LH:0
BRDA:15,0,0,0
BRDA:15,0,1,0
BRDA:58,1,0,0
BRDA:58,1,1,0
BRDA:58,2,0,0
BRDA:58,2,1,0
BRDA:79,3,0,0
BRDA:79,3,1,0
BRDA:79,4,0,0
BRDA:79,4,1,0
BRDA:79,4,2,0
BRDA:84,5,0,0
BRDA:84,5,1,0
BRDA:95,6,0,0
BRDA:95,6,1,0
BRDA:98,7,0,0
BRDA:98,7,1,0
BRDA:111,8,0,0
BRDA:111,8,1,0
BRDA:135,9,0,0
BRDA:135,9,1,0
BRDA:165,10,0,0
BRDA:165,10,1,0
BRF:23
BRH:0
end_of_record
TN:
SF:src\schemas\validations.ts
FNF:0
FNH:0
DA:8,1
DA:13,4
DA:52,2
DA:72,2
DA:91,2
DA:121,3
DA:135,2
DA:161,1
DA:181,1
LF:9
LH:9
BRF:0
BRH:0
end_of_record
TN:
SF:src\stores\auth.ts
FN:80,(anonymous_5)
FN:91,(anonymous_6)
FN:110,(anonymous_7)
FN:123,(anonymous_8)
FN:144,(anonymous_9)
FN:171,(anonymous_10)
FN:174,(anonymous_11)
FN:186,(anonymous_12)
FN:186,(anonymous_13)
FN:191,(anonymous_14)
FN:191,(anonymous_15)
FN:196,(anonymous_16)
FN:196,(anonymous_17)
FNF:13
FNH:6
FNDA:1,(anonymous_5)
FNDA:4,(anonymous_6)
FNDA:1,(anonymous_7)
FNDA:6,(anonymous_8)
FNDA:0,(anonymous_9)
FNDA:1,(anonymous_10)
FNDA:11,(anonymous_11)
FNDA:0,(anonymous_12)
FNDA:0,(anonymous_13)
FNDA:0,(anonymous_14)
FNDA:0,(anonymous_15)
FNDA:0,(anonymous_16)
FNDA:0,(anonymous_17)
DA:11,1
DA:12,1
DA:78,16
DA:80,1
DA:93,4
DA:94,4
DA:95,4
DA:96,4
DA:98,4
DA:111,1
DA:112,1
DA:114,1
DA:125,6
DA:126,6
DA:127,6
DA:128,6
DA:131,6
DA:145,0
DA:146,0
DA:147,0
DA:148,0
DA:149,0
DA:151,0
DA:152,0
DA:153,0
DA:155,0
DA:164,0
DA:165,0
DA:171,1
DA:174,11
DA:186,1
DA:191,1
DA:196,1
LF:33
LH:22
BRDA:151,0,0,0
BRDA:151,0,1,0
BRDA:151,1,0,0
BRDA:151,1,1,0
BRDA:151,1,2,0
BRDA:151,1,3,0
BRF:6
BRH:0
end_of_record
